0 info it worked if it ends with ok
1 verbose cli [ 'node', '/usr/local/bin/npm', 'install' ]
2 info using npm@1.4.28
3 info using node@v0.10.32
4 verbose readDependencies using package.json deps
5 verbose install where, deps [ '/Users/pranava/nodeprojects/flapper-news-express',
5 verbose install   [ 'body-parser',
5 verbose install     'cookie-parser',
5 verbose install     'debug',
5 verbose install     'ejs',
5 verbose install     'express',
5 verbose install     'morgan',
5 verbose install     'serve-favicon' ] ]
6 info preinstall flapper-news-express@0.0.0
7 verbose readDependencies using package.json deps
8 verbose cache add [ 'cookie-parser@~1.3.4', null ]
9 verbose cache add name=undefined spec="cookie-parser@~1.3.4" args=["cookie-parser@~1.3.4",null]
10 verbose parsed url { protocol: null,
10 verbose parsed url   slashes: null,
10 verbose parsed url   auth: null,
10 verbose parsed url   host: null,
10 verbose parsed url   port: null,
10 verbose parsed url   hostname: null,
10 verbose parsed url   hash: null,
10 verbose parsed url   search: null,
10 verbose parsed url   query: null,
10 verbose parsed url   pathname: 'cookie-parser@~1.3.4',
10 verbose parsed url   path: 'cookie-parser@~1.3.4',
10 verbose parsed url   href: 'cookie-parser@~1.3.4' }
11 verbose cache add [ 'debug@~2.1.1', null ]
12 verbose cache add name=undefined spec="debug@~2.1.1" args=["debug@~2.1.1",null]
13 verbose parsed url { protocol: null,
13 verbose parsed url   slashes: null,
13 verbose parsed url   auth: null,
13 verbose parsed url   host: null,
13 verbose parsed url   port: null,
13 verbose parsed url   hostname: null,
13 verbose parsed url   hash: null,
13 verbose parsed url   search: null,
13 verbose parsed url   query: null,
13 verbose parsed url   pathname: 'debug@~2.1.1',
13 verbose parsed url   path: 'debug@~2.1.1',
13 verbose parsed url   href: 'debug@~2.1.1' }
14 verbose cache add name="cookie-parser" spec="~1.3.4" args=["cookie-parser","~1.3.4"]
15 verbose parsed url { protocol: null,
15 verbose parsed url   slashes: null,
15 verbose parsed url   auth: null,
15 verbose parsed url   host: null,
15 verbose parsed url   port: null,
15 verbose parsed url   hostname: null,
15 verbose parsed url   hash: null,
15 verbose parsed url   search: null,
15 verbose parsed url   query: null,
15 verbose parsed url   pathname: '~1.3.4',
15 verbose parsed url   path: '~1.3.4',
15 verbose parsed url   href: '~1.3.4' }
16 verbose addNamed [ 'cookie-parser', '~1.3.4' ]
17 verbose addNamed [ null, '>=1.3.4-0 <1.4.0-0' ]
18 verbose cache add [ 'ejs@~2.3.1', null ]
19 verbose cache add name=undefined spec="ejs@~2.3.1" args=["ejs@~2.3.1",null]
20 verbose parsed url { protocol: null,
20 verbose parsed url   slashes: null,
20 verbose parsed url   auth: null,
20 verbose parsed url   host: null,
20 verbose parsed url   port: null,
20 verbose parsed url   hostname: null,
20 verbose parsed url   hash: null,
20 verbose parsed url   search: null,
20 verbose parsed url   query: null,
20 verbose parsed url   pathname: 'ejs@~2.3.1',
20 verbose parsed url   path: 'ejs@~2.3.1',
20 verbose parsed url   href: 'ejs@~2.3.1' }
21 verbose cache add name="debug" spec="~2.1.1" args=["debug","~2.1.1"]
22 verbose parsed url { protocol: null,
22 verbose parsed url   slashes: null,
22 verbose parsed url   auth: null,
22 verbose parsed url   host: null,
22 verbose parsed url   port: null,
22 verbose parsed url   hostname: null,
22 verbose parsed url   hash: null,
22 verbose parsed url   search: null,
22 verbose parsed url   query: null,
22 verbose parsed url   pathname: '~2.1.1',
22 verbose parsed url   path: '~2.1.1',
22 verbose parsed url   href: '~2.1.1' }
23 verbose addNamed [ 'debug', '~2.1.1' ]
24 verbose addNamed [ null, '>=2.1.1-0 <2.2.0-0' ]
25 silly lockFile bb69fa92-cookie-parser-1-3-4 cookie-parser@~1.3.4
26 verbose lock cookie-parser@~1.3.4 /Users/pranava/.npm/bb69fa92-cookie-parser-1-3-4.lock
27 silly lockFile 09d11068-debug-2-1-1 debug@~2.1.1
28 verbose lock debug@~2.1.1 /Users/pranava/.npm/09d11068-debug-2-1-1.lock
29 verbose cache add [ 'express@~4.12.2', null ]
30 verbose cache add name=undefined spec="express@~4.12.2" args=["express@~4.12.2",null]
31 verbose parsed url { protocol: null,
31 verbose parsed url   slashes: null,
31 verbose parsed url   auth: null,
31 verbose parsed url   host: null,
31 verbose parsed url   port: null,
31 verbose parsed url   hostname: null,
31 verbose parsed url   hash: null,
31 verbose parsed url   search: null,
31 verbose parsed url   query: null,
31 verbose parsed url   pathname: 'express@~4.12.2',
31 verbose parsed url   path: 'express@~4.12.2',
31 verbose parsed url   href: 'express@~4.12.2' }
32 verbose cache add name="ejs" spec="~2.3.1" args=["ejs","~2.3.1"]
33 verbose parsed url { protocol: null,
33 verbose parsed url   slashes: null,
33 verbose parsed url   auth: null,
33 verbose parsed url   host: null,
33 verbose parsed url   port: null,
33 verbose parsed url   hostname: null,
33 verbose parsed url   hash: null,
33 verbose parsed url   search: null,
33 verbose parsed url   query: null,
33 verbose parsed url   pathname: '~2.3.1',
33 verbose parsed url   path: '~2.3.1',
33 verbose parsed url   href: '~2.3.1' }
34 verbose addNamed [ 'ejs', '~2.3.1' ]
35 verbose addNamed [ null, '>=2.3.1-0 <2.4.0-0' ]
36 silly lockFile 35acc1b3-ejs-2-3-1 ejs@~2.3.1
37 verbose lock ejs@~2.3.1 /Users/pranava/.npm/35acc1b3-ejs-2-3-1.lock
38 verbose cache add name="express" spec="~4.12.2" args=["express","~4.12.2"]
39 verbose parsed url { protocol: null,
39 verbose parsed url   slashes: null,
39 verbose parsed url   auth: null,
39 verbose parsed url   host: null,
39 verbose parsed url   port: null,
39 verbose parsed url   hostname: null,
39 verbose parsed url   hash: null,
39 verbose parsed url   search: null,
39 verbose parsed url   query: null,
39 verbose parsed url   pathname: '~4.12.2',
39 verbose parsed url   path: '~4.12.2',
39 verbose parsed url   href: '~4.12.2' }
40 verbose addNamed [ 'express', '~4.12.2' ]
41 verbose addNamed [ null, '>=4.12.2-0 <4.13.0-0' ]
42 silly lockFile 702f5120-express-4-12-2 express@~4.12.2
43 verbose lock express@~4.12.2 /Users/pranava/.npm/702f5120-express-4-12-2.lock
44 verbose cache add [ 'morgan@~1.5.1', null ]
45 verbose cache add name=undefined spec="morgan@~1.5.1" args=["morgan@~1.5.1",null]
46 verbose parsed url { protocol: null,
46 verbose parsed url   slashes: null,
46 verbose parsed url   auth: null,
46 verbose parsed url   host: null,
46 verbose parsed url   port: null,
46 verbose parsed url   hostname: null,
46 verbose parsed url   hash: null,
46 verbose parsed url   search: null,
46 verbose parsed url   query: null,
46 verbose parsed url   pathname: 'morgan@~1.5.1',
46 verbose parsed url   path: 'morgan@~1.5.1',
46 verbose parsed url   href: 'morgan@~1.5.1' }
47 silly addNameRange { name: 'cookie-parser',
47 silly addNameRange   range: '>=1.3.4-0 <1.4.0-0',
47 silly addNameRange   hasData: false }
48 silly addNameRange { name: 'debug', range: '>=2.1.1-0 <2.2.0-0', hasData: false }
49 silly addNameRange { name: 'ejs', range: '>=2.3.1-0 <2.4.0-0', hasData: false }
50 verbose cache add [ 'serve-favicon@~2.2.0', null ]
51 verbose cache add name=undefined spec="serve-favicon@~2.2.0" args=["serve-favicon@~2.2.0",null]
52 verbose parsed url { protocol: null,
52 verbose parsed url   slashes: null,
52 verbose parsed url   auth: null,
52 verbose parsed url   host: null,
52 verbose parsed url   port: null,
52 verbose parsed url   hostname: null,
52 verbose parsed url   hash: null,
52 verbose parsed url   search: null,
52 verbose parsed url   query: null,
52 verbose parsed url   pathname: 'serve-favicon@~2.2.0',
52 verbose parsed url   path: 'serve-favicon@~2.2.0',
52 verbose parsed url   href: 'serve-favicon@~2.2.0' }
53 verbose cache add [ 'body-parser@~1.12.0', null ]
54 verbose cache add name=undefined spec="body-parser@~1.12.0" args=["body-parser@~1.12.0",null]
55 verbose parsed url { protocol: null,
55 verbose parsed url   slashes: null,
55 verbose parsed url   auth: null,
55 verbose parsed url   host: null,
55 verbose parsed url   port: null,
55 verbose parsed url   hostname: null,
55 verbose parsed url   hash: null,
55 verbose parsed url   search: null,
55 verbose parsed url   query: null,
55 verbose parsed url   pathname: 'body-parser@~1.12.0',
55 verbose parsed url   path: 'body-parser@~1.12.0',
55 verbose parsed url   href: 'body-parser@~1.12.0' }
56 verbose cache add name="morgan" spec="~1.5.1" args=["morgan","~1.5.1"]
57 verbose parsed url { protocol: null,
57 verbose parsed url   slashes: null,
57 verbose parsed url   auth: null,
57 verbose parsed url   host: null,
57 verbose parsed url   port: null,
57 verbose parsed url   hostname: null,
57 verbose parsed url   hash: null,
57 verbose parsed url   search: null,
57 verbose parsed url   query: null,
57 verbose parsed url   pathname: '~1.5.1',
57 verbose parsed url   path: '~1.5.1',
57 verbose parsed url   href: '~1.5.1' }
58 verbose addNamed [ 'morgan', '~1.5.1' ]
59 verbose addNamed [ null, '>=1.5.1-0 <1.6.0-0' ]
60 silly lockFile 66ba047d-morgan-1-5-1 morgan@~1.5.1
61 verbose lock morgan@~1.5.1 /Users/pranava/.npm/66ba047d-morgan-1-5-1.lock
62 silly addNameRange { name: 'express',
62 silly addNameRange   range: '>=4.12.2-0 <4.13.0-0',
62 silly addNameRange   hasData: false }
63 verbose cache add name="serve-favicon" spec="~2.2.0" args=["serve-favicon","~2.2.0"]
64 verbose parsed url { protocol: null,
64 verbose parsed url   slashes: null,
64 verbose parsed url   auth: null,
64 verbose parsed url   host: null,
64 verbose parsed url   port: null,
64 verbose parsed url   hostname: null,
64 verbose parsed url   hash: null,
64 verbose parsed url   search: null,
64 verbose parsed url   query: null,
64 verbose parsed url   pathname: '~2.2.0',
64 verbose parsed url   path: '~2.2.0',
64 verbose parsed url   href: '~2.2.0' }
65 verbose addNamed [ 'serve-favicon', '~2.2.0' ]
66 verbose addNamed [ null, '>=2.2.0-0 <2.3.0-0' ]
67 silly lockFile 9df5bad7-serve-favicon-2-2-0 serve-favicon@~2.2.0
68 verbose lock serve-favicon@~2.2.0 /Users/pranava/.npm/9df5bad7-serve-favicon-2-2-0.lock
69 verbose cache add name="body-parser" spec="~1.12.0" args=["body-parser","~1.12.0"]
70 verbose parsed url { protocol: null,
70 verbose parsed url   slashes: null,
70 verbose parsed url   auth: null,
70 verbose parsed url   host: null,
70 verbose parsed url   port: null,
70 verbose parsed url   hostname: null,
70 verbose parsed url   hash: null,
70 verbose parsed url   search: null,
70 verbose parsed url   query: null,
70 verbose parsed url   pathname: '~1.12.0',
70 verbose parsed url   path: '~1.12.0',
70 verbose parsed url   href: '~1.12.0' }
71 verbose addNamed [ 'body-parser', '~1.12.0' ]
72 verbose addNamed [ null, '>=1.12.0-0 <1.13.0-0' ]
73 silly lockFile 6121e062-body-parser-1-12-0 body-parser@~1.12.0
74 verbose lock body-parser@~1.12.0 /Users/pranava/.npm/6121e062-body-parser-1-12-0.lock
75 silly addNameRange { name: 'morgan', range: '>=1.5.1-0 <1.6.0-0', hasData: false }
76 silly addNameRange { name: 'serve-favicon',
76 silly addNameRange   range: '>=2.2.0-0 <2.3.0-0',
76 silly addNameRange   hasData: false }
77 silly addNameRange { name: 'body-parser',
77 silly addNameRange   range: '>=1.12.0-0 <1.13.0-0',
77 silly addNameRange   hasData: false }
78 verbose request where is /cookie-parser
79 verbose request registry https://registry.npmjs.org/
80 verbose request id e408cb3db5d25e36
81 verbose url raw /cookie-parser
82 verbose url resolving [ 'https://registry.npmjs.org/', './cookie-parser' ]
83 verbose url resolved https://registry.npmjs.org/cookie-parser
84 verbose request where is https://registry.npmjs.org/cookie-parser
85 info trying registry request attempt 1 at 13:10:50
86 verbose etag "CV9BVYAHFMTHCAIT3Z3TNUF41"
87 http GET https://registry.npmjs.org/cookie-parser
88 verbose request where is /debug
89 verbose request registry https://registry.npmjs.org/
90 verbose url raw /debug
91 verbose url resolving [ 'https://registry.npmjs.org/', './debug' ]
92 verbose url resolved https://registry.npmjs.org/debug
93 verbose request where is https://registry.npmjs.org/debug
94 info trying registry request attempt 1 at 13:10:50
95 verbose etag "9AAR8U6A6VCML4RD8THDDQF62"
96 http GET https://registry.npmjs.org/debug
97 verbose request where is /ejs
98 verbose request registry https://registry.npmjs.org/
99 verbose url raw /ejs
100 verbose url resolving [ 'https://registry.npmjs.org/', './ejs' ]
101 verbose url resolved https://registry.npmjs.org/ejs
102 verbose request where is https://registry.npmjs.org/ejs
103 info trying registry request attempt 1 at 13:10:50
104 verbose etag "6VEIVNNTNJI93OH9BV8298WPW"
105 http GET https://registry.npmjs.org/ejs
106 verbose request where is /express
107 verbose request registry https://registry.npmjs.org/
108 verbose url raw /express
109 verbose url resolving [ 'https://registry.npmjs.org/', './express' ]
110 verbose url resolved https://registry.npmjs.org/express
111 verbose request where is https://registry.npmjs.org/express
112 info trying registry request attempt 1 at 13:10:51
113 verbose etag "1XJN43UP2YFI1ZCOFNGPA1CW7"
114 http GET https://registry.npmjs.org/express
115 verbose request where is /serve-favicon
116 verbose request registry https://registry.npmjs.org/
117 verbose url raw /serve-favicon
118 verbose url resolving [ 'https://registry.npmjs.org/', './serve-favicon' ]
119 verbose url resolved https://registry.npmjs.org/serve-favicon
120 verbose request where is https://registry.npmjs.org/serve-favicon
121 info trying registry request attempt 1 at 13:10:51
122 verbose etag "E5BSLOF3LLVN5Z1U3UXYTQLI9"
123 http GET https://registry.npmjs.org/serve-favicon
124 verbose request where is /morgan
125 verbose request registry https://registry.npmjs.org/
126 verbose url raw /morgan
127 verbose url resolving [ 'https://registry.npmjs.org/', './morgan' ]
128 verbose url resolved https://registry.npmjs.org/morgan
129 verbose request where is https://registry.npmjs.org/morgan
130 info trying registry request attempt 1 at 13:10:51
131 verbose etag "ATERZF9JVGEOGU7A7CSOMAPGI"
132 http GET https://registry.npmjs.org/morgan
133 verbose request where is /body-parser
134 verbose request registry https://registry.npmjs.org/
135 verbose url raw /body-parser
136 verbose url resolving [ 'https://registry.npmjs.org/', './body-parser' ]
137 verbose url resolved https://registry.npmjs.org/body-parser
138 verbose request where is https://registry.npmjs.org/body-parser
139 info trying registry request attempt 1 at 13:10:51
140 verbose etag "4G98EU7AUYVB9BCPCY2CI2RYD"
141 http GET https://registry.npmjs.org/body-parser
142 http 200 https://registry.npmjs.org/serve-favicon
143 silly registry.get cb [ 200,
143 silly registry.get   { server: 'CouchDB/1.5.0 (Erlang OTP/R16B03)',
143 silly registry.get     etag: '"Y0E69XT4V8X1WR2PAVL9I696"',
143 silly registry.get     'content-type': 'application/json',
143 silly registry.get     'cache-control': 'max-age=60',
143 silly registry.get     'content-length': '22267',
143 silly registry.get     'accept-ranges': 'bytes',
143 silly registry.get     date: 'Sat, 16 May 2015 03:10:51 GMT',
143 silly registry.get     via: '1.1 varnish',
143 silly registry.get     age: '60',
143 silly registry.get     connection: 'keep-alive',
143 silly registry.get     'x-served-by': 'cache-syd1623-SYD',
143 silly registry.get     'x-cache': 'HIT',
143 silly registry.get     'x-cache-hits': '1',
143 silly registry.get     'x-timer': 'S1431745851.057537,VS0,VE0',
143 silly registry.get     vary: 'Accept' } ]
144 silly addNameRange number 2 { name: 'serve-favicon',
144 silly addNameRange   range: '>=2.2.0-0 <2.3.0-0',
144 silly addNameRange   hasData: true }
145 silly addNameRange versions [ 'serve-favicon',
145 silly addNameRange   [ '2.0.0',
145 silly addNameRange     '2.0.1',
145 silly addNameRange     '2.1.0',
145 silly addNameRange     '2.1.1',
145 silly addNameRange     '2.1.2',
145 silly addNameRange     '2.1.3',
145 silly addNameRange     '2.1.4',
145 silly addNameRange     '2.1.5',
145 silly addNameRange     '2.1.6',
145 silly addNameRange     '2.1.7',
145 silly addNameRange     '2.2.0',
145 silly addNameRange     '2.2.1' ] ]
146 verbose addNamed [ 'serve-favicon', '2.2.1' ]
147 verbose addNamed [ '2.2.1', '2.2.1' ]
148 silly lockFile 6918e89a-serve-favicon-2-2-1 serve-favicon@2.2.1
149 verbose lock serve-favicon@2.2.1 /Users/pranava/.npm/6918e89a-serve-favicon-2-2-1.lock
150 silly lockFile 9e8bc462--favicon-serve-favicon-2-2-1-tgz https://registry.npmjs.org/serve-favicon/-/serve-favicon-2.2.1.tgz
151 verbose lock https://registry.npmjs.org/serve-favicon/-/serve-favicon-2.2.1.tgz /Users/pranava/.npm/9e8bc462--favicon-serve-favicon-2-2-1-tgz.lock
152 verbose addRemoteTarball [ 'https://registry.npmjs.org/serve-favicon/-/serve-favicon-2.2.1.tgz',
152 verbose addRemoteTarball   'd97bacc150f66fe0e5cc4c78a84ba15bae5a584a' ]
153 info retry fetch attempt 1 at 13:10:51
154 verbose fetch to= /var/folders/kw/pcs7y5fn4d78zm8ftgw19zrr0000gn/T/npm-3400-G7ujd6Dw/registry.npmjs.org/serve-favicon/-/serve-favicon-2.2.1.tgz
155 http GET https://registry.npmjs.org/serve-favicon/-/serve-favicon-2.2.1.tgz
156 http 200 https://registry.npmjs.org/serve-favicon/-/serve-favicon-2.2.1.tgz
157 silly lockFile 9e8bc462--favicon-serve-favicon-2-2-1-tgz https://registry.npmjs.org/serve-favicon/-/serve-favicon-2.2.1.tgz
158 silly lockFile 9e8bc462--favicon-serve-favicon-2-2-1-tgz https://registry.npmjs.org/serve-favicon/-/serve-favicon-2.2.1.tgz
159 silly lockFile 6918e89a-serve-favicon-2-2-1 serve-favicon@2.2.1
160 silly lockFile 6918e89a-serve-favicon-2-2-1 serve-favicon@2.2.1
161 silly lockFile 9df5bad7-serve-favicon-2-2-0 serve-favicon@~2.2.0
162 silly lockFile 9df5bad7-serve-favicon-2-2-0 serve-favicon@~2.2.0
163 http 200 https://registry.npmjs.org/debug
164 silly registry.get cb [ 200,
164 silly registry.get   { server: 'CouchDB/1.5.0 (Erlang OTP/R16B03)',
164 silly registry.get     etag: '"9LPDOAZWB20EF7W63ALJPPOM7"',
164 silly registry.get     'content-type': 'application/json',
164 silly registry.get     'cache-control': 'max-age=60',
164 silly registry.get     'content-length': '34586',
164 silly registry.get     'accept-ranges': 'bytes',
164 silly registry.get     date: 'Sat, 16 May 2015 03:10:51 GMT',
164 silly registry.get     via: '1.1 varnish',
164 silly registry.get     age: '0',
164 silly registry.get     connection: 'keep-alive',
164 silly registry.get     'x-served-by': 'cache-syd1623-SYD',
164 silly registry.get     'x-cache': 'HIT',
164 silly registry.get     'x-cache-hits': '1',
164 silly registry.get     'x-timer': 'S1431745851.047995,VS0,VE795',
164 silly registry.get     vary: 'Accept' } ]
165 http 200 https://registry.npmjs.org/cookie-parser
166 silly registry.get cb [ 200,
166 silly registry.get   { server: 'CouchDB/1.5.0 (Erlang OTP/R16B03)',
166 silly registry.get     etag: '"42X0NMOPHXH39WW44YUE9VPAB"',
166 silly registry.get     'content-type': 'application/json',
166 silly registry.get     'cache-control': 'max-age=60',
166 silly registry.get     'content-length': '15613',
166 silly registry.get     'accept-ranges': 'bytes',
166 silly registry.get     date: 'Sat, 16 May 2015 03:10:51 GMT',
166 silly registry.get     via: '1.1 varnish',
166 silly registry.get     age: '0',
166 silly registry.get     connection: 'keep-alive',
166 silly registry.get     'x-served-by': 'cache-syd1625-SYD',
166 silly registry.get     'x-cache': 'HIT',
166 silly registry.get     'x-cache-hits': '1',
166 silly registry.get     'x-timer': 'S1431745851.050333,VS0,VE812',
166 silly registry.get     vary: 'Accept' } ]
167 silly addNameRange number 2 { name: 'cookie-parser',
167 silly addNameRange   range: '>=1.3.4-0 <1.4.0-0',
167 silly addNameRange   hasData: true }
168 silly addNameRange versions [ 'cookie-parser',
168 silly addNameRange   [ '1.0.0',
168 silly addNameRange     '1.0.1',
168 silly addNameRange     '1.1.0',
168 silly addNameRange     '1.2.0',
168 silly addNameRange     '1.3.0',
168 silly addNameRange     '1.3.1',
168 silly addNameRange     '1.3.2',
168 silly addNameRange     '1.3.3',
168 silly addNameRange     '1.3.4' ] ]
169 verbose addNamed [ 'cookie-parser', '1.3.4' ]
170 verbose addNamed [ '1.3.4', '1.3.4' ]
171 silly lockFile db8a9715-cookie-parser-1-3-4 cookie-parser@1.3.4
172 verbose lock cookie-parser@1.3.4 /Users/pranava/.npm/db8a9715-cookie-parser-1-3-4.lock
173 silly addNameRange number 2 { name: 'debug', range: '>=2.1.1-0 <2.2.0-0', hasData: true }
174 silly addNameRange versions [ 'debug',
174 silly addNameRange   [ '0.0.1',
174 silly addNameRange     '0.1.0',
174 silly addNameRange     '0.2.0',
174 silly addNameRange     '0.3.0',
174 silly addNameRange     '0.4.0',
174 silly addNameRange     '0.4.1',
174 silly addNameRange     '0.5.0',
174 silly addNameRange     '0.6.0',
174 silly addNameRange     '0.7.0',
174 silly addNameRange     '0.7.1',
174 silly addNameRange     '0.7.2',
174 silly addNameRange     '0.7.3',
174 silly addNameRange     '0.7.4',
174 silly addNameRange     '0.8.0',
174 silly addNameRange     '0.8.1',
174 silly addNameRange     '1.0.0',
174 silly addNameRange     '1.0.1',
174 silly addNameRange     '1.0.2',
174 silly addNameRange     '1.0.3',
174 silly addNameRange     '1.0.4',
174 silly addNameRange     '2.0.0',
174 silly addNameRange     '2.1.0',
174 silly addNameRange     '2.1.1',
174 silly addNameRange     '2.1.2',
174 silly addNameRange     '2.1.3',
174 silly addNameRange     '2.2.0' ] ]
175 verbose addNamed [ 'debug', '2.1.3' ]
176 verbose addNamed [ '2.1.3', '2.1.3' ]
177 silly lockFile aef7a5b5-debug-2-1-3 debug@2.1.3
178 verbose lock debug@2.1.3 /Users/pranava/.npm/aef7a5b5-debug-2-1-3.lock
179 http 200 https://registry.npmjs.org/morgan
180 silly registry.get cb [ 200,
180 silly registry.get   { server: 'CouchDB/1.5.0 (Erlang OTP/R16B03)',
180 silly registry.get     etag: '"52SMK2NAGJWLVC7HI49ZMJR68"',
180 silly registry.get     'content-type': 'application/json',
180 silly registry.get     'cache-control': 'max-age=60',
180 silly registry.get     'content-length': '37390',
180 silly registry.get     'accept-ranges': 'bytes',
180 silly registry.get     date: 'Sat, 16 May 2015 03:10:51 GMT',
180 silly registry.get     via: '1.1 varnish',
180 silly registry.get     age: '0',
180 silly registry.get     connection: 'keep-alive',
180 silly registry.get     'x-served-by': 'cache-syd1623-SYD',
180 silly registry.get     'x-cache': 'HIT',
180 silly registry.get     'x-cache-hits': '1',
180 silly registry.get     'x-timer': 'S1431745851.105285,VS0,VE788',
180 silly registry.get     vary: 'Accept' } ]
181 silly addNameRange number 2 { name: 'morgan', range: '>=1.5.1-0 <1.6.0-0', hasData: true }
182 silly addNameRange versions [ 'morgan',
182 silly addNameRange   [ '1.0.0',
182 silly addNameRange     '1.0.1',
182 silly addNameRange     '1.1.0',
182 silly addNameRange     '1.1.1',
182 silly addNameRange     '1.2.0',
182 silly addNameRange     '1.2.1',
182 silly addNameRange     '1.2.2',
182 silly addNameRange     '1.2.3',
182 silly addNameRange     '1.3.0',
182 silly addNameRange     '1.3.1',
182 silly addNameRange     '1.3.2',
182 silly addNameRange     '1.4.0',
182 silly addNameRange     '1.4.1',
182 silly addNameRange     '1.5.0',
182 silly addNameRange     '1.5.1',
182 silly addNameRange     '1.5.2',
182 silly addNameRange     '1.5.3' ] ]
183 verbose addNamed [ 'morgan', '1.5.3' ]
184 verbose addNamed [ '1.5.3', '1.5.3' ]
185 silly lockFile 012ce855-morgan-1-5-3 morgan@1.5.3
186 verbose lock morgan@1.5.3 /Users/pranava/.npm/012ce855-morgan-1-5-3.lock
187 silly lockFile db8a9715-cookie-parser-1-3-4 cookie-parser@1.3.4
188 silly lockFile db8a9715-cookie-parser-1-3-4 cookie-parser@1.3.4
189 silly lockFile aef7a5b5-debug-2-1-3 debug@2.1.3
190 silly lockFile aef7a5b5-debug-2-1-3 debug@2.1.3
191 silly lockFile bb69fa92-cookie-parser-1-3-4 cookie-parser@~1.3.4
192 silly lockFile bb69fa92-cookie-parser-1-3-4 cookie-parser@~1.3.4
193 silly lockFile 491383d5-pmjs-org-morgan-morgan-1-5-3-tgz https://registry.npmjs.org/morgan/-/morgan-1.5.3.tgz
194 verbose lock https://registry.npmjs.org/morgan/-/morgan-1.5.3.tgz /Users/pranava/.npm/491383d5-pmjs-org-morgan-morgan-1-5-3-tgz.lock
195 silly lockFile 09d11068-debug-2-1-1 debug@~2.1.1
196 silly lockFile 09d11068-debug-2-1-1 debug@~2.1.1
197 verbose addRemoteTarball [ 'https://registry.npmjs.org/morgan/-/morgan-1.5.3.tgz',
197 verbose addRemoteTarball   '8adb4e72f9e5c5436e5d93f42910835f79da9fdf' ]
198 info retry fetch attempt 1 at 13:10:52
199 verbose fetch to= /var/folders/kw/pcs7y5fn4d78zm8ftgw19zrr0000gn/T/npm-3400-G7ujd6Dw/registry.npmjs.org/morgan/-/morgan-1.5.3.tgz
200 http GET https://registry.npmjs.org/morgan/-/morgan-1.5.3.tgz
201 http 200 https://registry.npmjs.org/ejs
202 silly registry.get cb [ 200,
202 silly registry.get   { server: 'CouchDB/1.5.0 (Erlang OTP/R16B03)',
202 silly registry.get     etag: '"7IKOZNF6HI6ZQ951NXPGH29JA"',
202 silly registry.get     'content-type': 'application/json',
202 silly registry.get     'cache-control': 'max-age=60',
202 silly registry.get     'content-length': '45198',
202 silly registry.get     'accept-ranges': 'bytes',
202 silly registry.get     date: 'Sat, 16 May 2015 03:10:51 GMT',
202 silly registry.get     via: '1.1 varnish',
202 silly registry.get     age: '0',
202 silly registry.get     connection: 'keep-alive',
202 silly registry.get     'x-served-by': 'cache-syd1623-SYD',
202 silly registry.get     'x-cache': 'HIT',
202 silly registry.get     'x-cache-hits': '1',
202 silly registry.get     'x-timer': 'S1431745851.043615,VS0,VE918',
202 silly registry.get     vary: 'Accept' } ]
203 silly addNameRange number 2 { name: 'ejs', range: '>=2.3.1-0 <2.4.0-0', hasData: true }
204 silly addNameRange versions [ 'ejs',
204 silly addNameRange   [ '0.0.1',
204 silly addNameRange     '0.0.2',
204 silly addNameRange     '0.0.3',
204 silly addNameRange     '0.0.4',
204 silly addNameRange     '0.1.0',
204 silly addNameRange     '0.2.0',
204 silly addNameRange     '0.2.1',
204 silly addNameRange     '0.3.0',
204 silly addNameRange     '0.3.1',
204 silly addNameRange     '0.4.0',
204 silly addNameRange     '0.4.1',
204 silly addNameRange     '0.4.2',
204 silly addNameRange     '0.4.3',
204 silly addNameRange     '0.5.0',
204 silly addNameRange     '0.6.0',
204 silly addNameRange     '0.6.1',
204 silly addNameRange     '0.7.0',
204 silly addNameRange     '0.7.1',
204 silly addNameRange     '0.7.2',
204 silly addNameRange     '0.8.0',
204 silly addNameRange     '0.8.1',
204 silly addNameRange     '0.8.2',
204 silly addNameRange     '0.8.3',
204 silly addNameRange     '0.8.4',
204 silly addNameRange     '0.8.5',
204 silly addNameRange     '0.8.6',
204 silly addNameRange     '0.8.8',
204 silly addNameRange     '1.0.0',
204 silly addNameRange     '2.0.2',
204 silly addNameRange     '2.0.3',
204 silly addNameRange     '2.0.4',
204 silly addNameRange     '2.0.5',
204 silly addNameRange     '2.0.6',
204 silly addNameRange     '2.0.7',
204 silly addNameRange     '2.0.8',
204 silly addNameRange     '2.1.1',
204 silly addNameRange     '2.1.2',
204 silly addNameRange     '2.1.3',
204 silly addNameRange     '2.1.4',
204 silly addNameRange     '2.2.1',
204 silly addNameRange     '2.2.2',
204 silly addNameRange     '2.2.3',
204 silly addNameRange     '2.2.4',
204 silly addNameRange     '2.3.1' ] ]
205 verbose addNamed [ 'ejs', '2.3.1' ]
206 verbose addNamed [ '2.3.1', '2.3.1' ]
207 silly lockFile 823d5f08-ejs-2-3-1 ejs@2.3.1
208 verbose lock ejs@2.3.1 /Users/pranava/.npm/823d5f08-ejs-2-3-1.lock
209 silly lockFile f5dbddfd-stry-npmjs-org-ejs-ejs-2-3-1-tgz https://registry.npmjs.org/ejs/-/ejs-2.3.1.tgz
210 verbose lock https://registry.npmjs.org/ejs/-/ejs-2.3.1.tgz /Users/pranava/.npm/f5dbddfd-stry-npmjs-org-ejs-ejs-2-3-1-tgz.lock
211 verbose addRemoteTarball [ 'https://registry.npmjs.org/ejs/-/ejs-2.3.1.tgz',
211 verbose addRemoteTarball   'a697d98ac401e32a99c3deed92c60c19b6199a7f' ]
212 info retry fetch attempt 1 at 13:10:52
213 verbose fetch to= /var/folders/kw/pcs7y5fn4d78zm8ftgw19zrr0000gn/T/npm-3400-G7ujd6Dw/registry.npmjs.org/ejs/-/ejs-2.3.1.tgz
214 http GET https://registry.npmjs.org/ejs/-/ejs-2.3.1.tgz
215 http 200 https://registry.npmjs.org/morgan/-/morgan-1.5.3.tgz
216 silly lockFile 491383d5-pmjs-org-morgan-morgan-1-5-3-tgz https://registry.npmjs.org/morgan/-/morgan-1.5.3.tgz
217 silly lockFile 491383d5-pmjs-org-morgan-morgan-1-5-3-tgz https://registry.npmjs.org/morgan/-/morgan-1.5.3.tgz
218 silly lockFile 012ce855-morgan-1-5-3 morgan@1.5.3
219 silly lockFile 012ce855-morgan-1-5-3 morgan@1.5.3
220 silly lockFile 66ba047d-morgan-1-5-1 morgan@~1.5.1
221 silly lockFile 66ba047d-morgan-1-5-1 morgan@~1.5.1
222 http 200 https://registry.npmjs.org/ejs/-/ejs-2.3.1.tgz
223 silly lockFile f5dbddfd-stry-npmjs-org-ejs-ejs-2-3-1-tgz https://registry.npmjs.org/ejs/-/ejs-2.3.1.tgz
224 silly lockFile f5dbddfd-stry-npmjs-org-ejs-ejs-2-3-1-tgz https://registry.npmjs.org/ejs/-/ejs-2.3.1.tgz
225 silly lockFile 823d5f08-ejs-2-3-1 ejs@2.3.1
226 silly lockFile 823d5f08-ejs-2-3-1 ejs@2.3.1
227 silly lockFile 35acc1b3-ejs-2-3-1 ejs@~2.3.1
228 silly lockFile 35acc1b3-ejs-2-3-1 ejs@~2.3.1
229 http 200 https://registry.npmjs.org/express
230 silly registry.get cb [ 200,
230 silly registry.get   { server: 'CouchDB/1.5.0 (Erlang OTP/R16B03)',
230 silly registry.get     etag: '"6M3LIJMIQ9SQSJKQJ139WVSUU"',
230 silly registry.get     'content-type': 'application/json',
230 silly registry.get     'cache-control': 'max-age=60',
230 silly registry.get     'content-length': '493119',
230 silly registry.get     'accept-ranges': 'bytes',
230 silly registry.get     date: 'Sat, 16 May 2015 03:10:51 GMT',
230 silly registry.get     via: '1.1 varnish',
230 silly registry.get     age: '0',
230 silly registry.get     connection: 'keep-alive',
230 silly registry.get     'x-served-by': 'cache-syd1620-SYD',
230 silly registry.get     'x-cache': 'HIT',
230 silly registry.get     'x-cache-hits': '1',
230 silly registry.get     'x-timer': 'S1431745851.037079,VS0,VE943',
230 silly registry.get     vary: 'Accept' } ]
231 silly addNameRange number 2 { name: 'express', range: '>=4.12.2-0 <4.13.0-0', hasData: true }
232 silly addNameRange versions [ 'express',
232 silly addNameRange   [ '0.14.0',
232 silly addNameRange     '0.14.1',
232 silly addNameRange     '1.0.0',
232 silly addNameRange     '1.0.1',
232 silly addNameRange     '1.0.2',
232 silly addNameRange     '1.0.3',
232 silly addNameRange     '1.0.4',
232 silly addNameRange     '1.0.5',
232 silly addNameRange     '1.0.6',
232 silly addNameRange     '1.0.7',
232 silly addNameRange     '1.0.8',
232 silly addNameRange     '2.0.0',
232 silly addNameRange     '2.1.0',
232 silly addNameRange     '2.1.1',
232 silly addNameRange     '2.2.0',
232 silly addNameRange     '2.2.1',
232 silly addNameRange     '2.2.2',
232 silly addNameRange     '2.3.0',
232 silly addNameRange     '2.3.1',
232 silly addNameRange     '2.3.2',
232 silly addNameRange     '2.3.3',
232 silly addNameRange     '2.3.4',
232 silly addNameRange     '2.3.5',
232 silly addNameRange     '2.3.6',
232 silly addNameRange     '2.3.7',
232 silly addNameRange     '2.3.8',
232 silly addNameRange     '2.3.9',
232 silly addNameRange     '2.3.10',
232 silly addNameRange     '2.3.11',
232 silly addNameRange     '2.3.12',
232 silly addNameRange     '2.4.0',
232 silly addNameRange     '2.4.1',
232 silly addNameRange     '2.4.2',
232 silly addNameRange     '2.4.3',
232 silly addNameRange     '2.4.4',
232 silly addNameRange     '2.4.5',
232 silly addNameRange     '2.4.6',
232 silly addNameRange     '2.4.7',
232 silly addNameRange     '2.5.0',
232 silly addNameRange     '2.5.1',
232 silly addNameRange     '2.5.2',
232 silly addNameRange     '2.5.3',
232 silly addNameRange     '2.5.4',
232 silly addNameRange     '2.5.5',
232 silly addNameRange     '2.5.6',
232 silly addNameRange     '2.5.7',
232 silly addNameRange     '2.5.8',
232 silly addNameRange     '2.5.9',
232 silly addNameRange     '2.5.10',
232 silly addNameRange     '2.5.11',
232 silly addNameRange     '3.0.0',
232 silly addNameRange     '3.0.1',
232 silly addNameRange     '3.0.2',
232 silly addNameRange     '3.0.3',
232 silly addNameRange     '3.0.4',
232 silly addNameRange     '3.0.5',
232 silly addNameRange     '3.0.6',
232 silly addNameRange     '3.1.0',
232 silly addNameRange     '3.1.1',
232 silly addNameRange     '3.1.2',
232 silly addNameRange     '3.2.0',
232 silly addNameRange     '3.2.1',
232 silly addNameRange     '3.2.2',
232 silly addNameRange     '3.2.3',
232 silly addNameRange     '3.2.4',
232 silly addNameRange     '3.2.5',
232 silly addNameRange     '3.2.6',
232 silly addNameRange     '3.3.0',
232 silly addNameRange     '3.3.1',
232 silly addNameRange     '3.3.2',
232 silly addNameRange     '3.3.3',
232 silly addNameRange     '3.3.4',
232 silly addNameRange     '3.3.5',
232 silly addNameRange     '3.3.6',
232 silly addNameRange     '1.0.0-beta',
232 silly addNameRange     '1.0.0-beta2',
232 silly addNameRange     '1.0.0-rc',
232 silly addNameRange     '1.0.0-rc2',
232 silly addNameRange     '1.0.0-rc3',
232 silly addNameRange     '1.0.0-rc4',
232 silly addNameRange     '2.0.0-beta',
232 silly addNameRange     '2.0.0-beta2',
232 silly addNameRange     '2.0.0-beta3',
232 silly addNameRange     '2.0.0-rc',
232 silly addNameRange     '2.0.0-rc2',
232 silly addNameRange     '2.0.0-rc3',
232 silly addNameRange     '3.0.0-alpha1',
232 silly addNameRange     '3.0.0-alpha2',
232 silly addNameRange     '3.0.0-alpha3',
232 silly addNameRange     '3.0.0-alpha4',
232 silly addNameRange     '3.0.0-alpha5',
232 silly addNameRange     '3.0.0-beta1',
232 silly addNameRange     '3.0.0-beta2',
232 silly addNameRange     '3.0.0-beta3',
232 silly addNameRange     '3.0.0-beta4',
232 silly addNameRange     '3.0.0-beta6',
232 silly addNameRange     '3.0.0-beta7',
232 silly addNameRange     '3.0.0-rc1',
232 silly addNameRange     '3.0.0-rc2',
232 silly addNameRange     '3.0.0-rc3',
232 silly addNameRange     '3.0.0-rc4',
232 silly addNameRange     '3.0.0-rc5',
232 silly addNameRange     '3.3.7',
232 silly addNameRange     '3.3.8',
232 silly addNameRange     '3.4.0',
232 silly addNameRange     '3.4.1',
232 silly addNameRange     '3.4.2',
232 silly addNameRange     '3.4.3',
232 silly addNameRange     '3.4.4',
232 silly addNameRange     '3.4.5',
232 silly addNameRange     '3.4.6',
232 silly addNameRange     '3.4.7',
232 silly addNameRange     '3.4.8',
232 silly addNameRange     '4.0.0-rc1',
232 silly addNameRange     '4.0.0-rc2',
232 silly addNameRange     '3.5.0',
232 silly addNameRange     '4.0.0-rc3',
232 silly addNameRange     '4.0.0-rc4',
232 silly addNameRange     '3.5.1',
232 silly addNameRange     '4.0.0',
232 silly addNameRange     '3.5.2',
232 silly addNameRange     '4.1.0',
232 silly addNameRange     '4.1.1',
232 silly addNameRange     '3.5.3',
232 silly addNameRange     '4.1.2',
232 silly addNameRange     '3.6.0',
232 silly addNameRange     '4.2.0',
232 silly addNameRange     '3.7.0',
232 silly addNameRange     '3.8.0',
232 silly addNameRange     '4.3.0',
232 silly addNameRange     '4.3.1',
232 silly addNameRange     '3.8.1',
232 silly addNameRange     '4.3.2',
232 silly addNameRange     '3.9.0',
232 silly addNameRange     '4.4.0',
232 silly addNameRange     '4.4.1',
232 silly addNameRange     '3.10.0',
232 silly addNameRange     '3.10.1',
232 silly addNameRange     '3.10.2',
232 silly addNameRange     '3.10.3',
232 silly addNameRange     '3.10.4',
232 silly addNameRange     '4.4.2',
232 silly addNameRange     '3.10.5',
232 silly addNameRange     '4.4.3',
232 silly addNameRange     '3.11.0',
232 silly addNameRange     '4.4.4',
232 silly addNameRange     '3.12.0',
232 silly addNameRange     '3.12.1',
232 silly addNameRange     '4.4.5',
232 silly addNameRange     '3.13.0',
232 silly addNameRange     '4.5.0',
232 silly addNameRange     '4.5.1',
232 silly addNameRange     '3.14.0',
232 silly addNameRange     '4.6.0',
232 silly addNameRange     '4.6.1',
232 silly addNameRange     '3.15.0',
232 silly addNameRange     '4.7.0',
232 silly addNameRange     '3.15.1',
232 silly addNameRange     '4.7.1',
232 silly addNameRange     '3.15.2',
232 silly addNameRange     '4.7.2',
232 silly addNameRange     '4.7.3',
232 silly addNameRange     '3.15.3',
232 silly addNameRange     '4.7.4',
232 silly addNameRange     '3.16.0',
232 silly addNameRange     '4.8.0',
232 silly addNameRange     '3.16.1',
232 silly addNameRange     '4.8.1',
232 silly addNameRange     '3.16.2',
232 silly addNameRange     '4.8.2',
232 silly addNameRange     '3.16.3',
232 silly addNameRange     '3.16.4',
232 silly addNameRange     '4.8.3',
232 silly addNameRange     '3.16.5',
232 silly addNameRange     '3.16.6',
232 silly addNameRange     '4.8.4',
232 silly addNameRange     '3.16.7',
232 silly addNameRange     '4.8.5',
232 silly addNameRange     '3.16.8',
232 silly addNameRange     '4.8.6',
232 silly addNameRange     '3.16.9',
232 silly addNameRange     '4.8.7',
232 silly addNameRange     '3.16.10',
232 silly addNameRange     '4.8.8',
232 silly addNameRange     '3.17.0',
232 silly addNameRange     '3.17.1',
232 silly addNameRange     '4.9.0',
232 silly addNameRange     '3.17.2',
232 silly addNameRange     '4.9.1',
232 silly addNameRange     '4.9.2',
232 silly addNameRange     '3.17.3',
232 silly addNameRange     '4.9.3',
232 silly addNameRange     '3.17.4',
232 silly addNameRange     '4.9.4',
232 silly addNameRange     '3.17.5',
232 silly addNameRange     '4.9.5',
232 silly addNameRange     '3.17.6',
232 silly addNameRange     '3.17.7',
232 silly addNameRange     '4.9.6',
232 silly addNameRange     '4.9.7',
232 silly addNameRange     '3.17.8',
232 silly addNameRange     '4.9.8',
232 silly addNameRange     '3.18.0',
232 silly addNameRange     '3.18.1',
232 silly addNameRange     '4.10.0',
232 silly addNameRange     '3.18.2',
232 silly addNameRange     '4.10.1',
232 silly addNameRange     '5.0.0-alpha.1',
232 silly addNameRange     '3.18.3',
232 silly addNameRange     '4.10.2',
232 silly addNameRange     '3.18.4',
232 silly addNameRange     '4.10.3',
232 silly addNameRange     '4.10.4',
232 silly addNameRange     '4.10.5',
232 silly addNameRange     '3.18.5',
232 silly addNameRange     '3.18.6',
232 silly addNameRange     '4.10.6',
232 silly addNameRange     '4.10.7',
232 silly addNameRange     '3.19.0',
232 silly addNameRange     '4.10.8',
232 silly addNameRange     '4.11.0',
232 silly addNameRange     '3.19.1',
232 silly addNameRange     '4.11.1',
232 silly addNameRange     '3.19.2',
232 silly addNameRange     '4.11.2',
232 silly addNameRange     '3.20.0',
232 silly addNameRange     '4.12.0',
232 silly addNameRange     '3.20.1',
232 silly addNameRange     '4.12.1',
232 silly addNameRange     '4.12.2',
232 silly addNameRange     '3.20.2',
232 silly addNameRange     '4.12.3' ] ]
233 verbose addNamed [ 'express', '4.12.3' ]
234 verbose addNamed [ '4.12.3', '4.12.3' ]
235 silly lockFile 0b3fc563-express-4-12-3 express@4.12.3
236 verbose lock express@4.12.3 /Users/pranava/.npm/0b3fc563-express-4-12-3.lock
237 silly lockFile c3db49de-s-org-express-express-4-12-3-tgz https://registry.npmjs.org/express/-/express-4.12.3.tgz
238 verbose lock https://registry.npmjs.org/express/-/express-4.12.3.tgz /Users/pranava/.npm/c3db49de-s-org-express-express-4-12-3-tgz.lock
239 verbose addRemoteTarball [ 'https://registry.npmjs.org/express/-/express-4.12.3.tgz',
239 verbose addRemoteTarball   '6b9d94aec5ae03270d86d390c277a8c5a5ad0ee2' ]
240 info retry fetch attempt 1 at 13:10:52
241 verbose fetch to= /var/folders/kw/pcs7y5fn4d78zm8ftgw19zrr0000gn/T/npm-3400-G7ujd6Dw/registry.npmjs.org/express/-/express-4.12.3.tgz
242 http GET https://registry.npmjs.org/express/-/express-4.12.3.tgz
243 http 200 https://registry.npmjs.org/express/-/express-4.12.3.tgz
244 silly lockFile c3db49de-s-org-express-express-4-12-3-tgz https://registry.npmjs.org/express/-/express-4.12.3.tgz
245 silly lockFile c3db49de-s-org-express-express-4-12-3-tgz https://registry.npmjs.org/express/-/express-4.12.3.tgz
246 silly lockFile 0b3fc563-express-4-12-3 express@4.12.3
247 silly lockFile 0b3fc563-express-4-12-3 express@4.12.3
248 silly lockFile 702f5120-express-4-12-2 express@~4.12.2
249 silly lockFile 702f5120-express-4-12-2 express@~4.12.2
250 http 200 https://registry.npmjs.org/body-parser
251 silly registry.get cb [ 200,
251 silly registry.get   { server: 'CouchDB/1.5.0 (Erlang OTP/R16B03)',
251 silly registry.get     etag: '"DEJO2OE5KEWH60QW33UZK5QEE"',
251 silly registry.get     'content-type': 'application/json',
251 silly registry.get     'cache-control': 'max-age=60',
251 silly registry.get     'content-length': '97532',
251 silly registry.get     'accept-ranges': 'bytes',
251 silly registry.get     date: 'Sat, 16 May 2015 03:10:52 GMT',
251 silly registry.get     via: '1.1 varnish',
251 silly registry.get     age: '0',
251 silly registry.get     connection: 'keep-alive',
251 silly registry.get     'x-served-by': 'cache-syd1623-SYD',
251 silly registry.get     'x-cache': 'HIT',
251 silly registry.get     'x-cache-hits': '1',
251 silly registry.get     'x-timer': 'S1431745851.967253,VS0,VE918',
251 silly registry.get     vary: 'Accept' } ]
252 silly addNameRange number 2 { name: 'body-parser',
252 silly addNameRange   range: '>=1.12.0-0 <1.13.0-0',
252 silly addNameRange   hasData: true }
253 silly addNameRange versions [ 'body-parser',
253 silly addNameRange   [ '1.0.0',
253 silly addNameRange     '1.0.1',
253 silly addNameRange     '1.0.2',
253 silly addNameRange     '1.1.0',
253 silly addNameRange     '1.1.1',
253 silly addNameRange     '1.1.2',
253 silly addNameRange     '1.2.0',
253 silly addNameRange     '1.2.1',
253 silly addNameRange     '1.2.2',
253 silly addNameRange     '1.3.0',
253 silly addNameRange     '1.3.1',
253 silly addNameRange     '1.4.0',
253 silly addNameRange     '1.4.1',
253 silly addNameRange     '1.4.2',
253 silly addNameRange     '1.4.3',
253 silly addNameRange     '1.5.0',
253 silly addNameRange     '1.5.1',
253 silly addNameRange     '1.5.2',
253 silly addNameRange     '1.6.0',
253 silly addNameRange     '1.6.1',
253 silly addNameRange     '1.6.2',
253 silly addNameRange     '1.6.3',
253 silly addNameRange     '1.6.4',
253 silly addNameRange     '1.6.5',
253 silly addNameRange     '1.6.6',
253 silly addNameRange     '1.6.7',
253 silly addNameRange     '1.7.0',
253 silly addNameRange     '1.8.0',
253 silly addNameRange     '1.8.1',
253 silly addNameRange     '1.8.2',
253 silly addNameRange     '1.8.3',
253 silly addNameRange     '1.8.4',
253 silly addNameRange     '1.9.0',
253 silly addNameRange     '1.9.1',
253 silly addNameRange     '1.9.2',
253 silly addNameRange     '1.9.3',
253 silly addNameRange     '1.10.0',
253 silly addNameRange     '1.10.1',
253 silly addNameRange     '1.10.2',
253 silly addNameRange     '1.11.0',
253 silly addNameRange     '1.12.0',
253 silly addNameRange     '1.12.1',
253 silly addNameRange     '1.12.2',
253 silly addNameRange     '1.12.3',
253 silly addNameRange     '1.12.4' ] ]
254 verbose addNamed [ 'body-parser', '1.12.4' ]
255 verbose addNamed [ '1.12.4', '1.12.4' ]
256 silly lockFile b06c8939-body-parser-1-12-4 body-parser@1.12.4
257 verbose lock body-parser@1.12.4 /Users/pranava/.npm/b06c8939-body-parser-1-12-4.lock
258 silly lockFile 36923138-dy-parser-body-parser-1-12-4-tgz https://registry.npmjs.org/body-parser/-/body-parser-1.12.4.tgz
259 verbose lock https://registry.npmjs.org/body-parser/-/body-parser-1.12.4.tgz /Users/pranava/.npm/36923138-dy-parser-body-parser-1-12-4-tgz.lock
260 verbose addRemoteTarball [ 'https://registry.npmjs.org/body-parser/-/body-parser-1.12.4.tgz',
260 verbose addRemoteTarball   '090700c4ba28862a8520ef378395fdee5f61c229' ]
261 info retry fetch attempt 1 at 13:10:53
262 verbose fetch to= /var/folders/kw/pcs7y5fn4d78zm8ftgw19zrr0000gn/T/npm-3400-G7ujd6Dw/registry.npmjs.org/body-parser/-/body-parser-1.12.4.tgz
263 http GET https://registry.npmjs.org/body-parser/-/body-parser-1.12.4.tgz
264 http 200 https://registry.npmjs.org/body-parser/-/body-parser-1.12.4.tgz
265 silly lockFile 36923138-dy-parser-body-parser-1-12-4-tgz https://registry.npmjs.org/body-parser/-/body-parser-1.12.4.tgz
266 silly lockFile 36923138-dy-parser-body-parser-1-12-4-tgz https://registry.npmjs.org/body-parser/-/body-parser-1.12.4.tgz
267 silly lockFile b06c8939-body-parser-1-12-4 body-parser@1.12.4
268 silly lockFile b06c8939-body-parser-1-12-4 body-parser@1.12.4
269 silly lockFile 6121e062-body-parser-1-12-0 body-parser@~1.12.0
270 silly lockFile 6121e062-body-parser-1-12-0 body-parser@~1.12.0
271 error Error: EACCES, mkdir '/Users/pranava/.npm/express/4.12.3'
271 error  { [Error: EACCES, mkdir '/Users/pranava/.npm/express/4.12.3']
271 error   errno: 3,
271 error   code: 'EACCES',
271 error   path: '/Users/pranava/.npm/express/4.12.3',
271 error   parent: 'flapper-news-express' }
272 error Please try running this command again as root/Administrator.
273 error System Darwin 14.3.0
274 error command "node" "/usr/local/bin/npm" "install"
275 error cwd /Users/pranava/nodeprojects/flapper-news-express
276 error node -v v0.10.32
277 error npm -v 1.4.28
278 error path /Users/pranava/.npm/express/4.12.3
279 error code EACCES
280 error errno 3
281 error stack Error: EACCES, mkdir '/Users/pranava/.npm/express/4.12.3'
282 verbose exit [ 3, true ]
